  用于 x64 的 Microsoft (R) C/C++ 优化编译器 19.28.29336 版
  版权所有(C) Microsoft Corporation。保留所有权利。
  cl /c /ID:\Code\darknet\include /ID:\Code\darknet\src /ID:\Code\darknet\3rdparty\stb\include /I"C:\Program Files\NVIDIA GPU Computing Toolkit\CUDA\v10.2\include" /I"D:\Code\OpenCV\opencv-4.5.1\cuda_build\install\x64\vc16" /I"D:\Code\OpenCV\opencv-4.5.1\sources\include" /I"D:\Code\OpenCV\opencv_contrib-4.5.1\modules\cudev\include" /I"D:\Code\OpenCV\opencv-4.5.1\sources\modules\core\include" /I"D:\Code\OpenCV\opencv_contrib-4.5.1\modules\cudaarithm\include" /I"D:\Code\OpenCV\opencv-4.5.1\sources\modules\flann\include" /I"D:\Code\OpenCV\opencv_contrib-4.5.1\modules\hdf\include" /I"D:\Code\OpenCV\opencv-4.5.1\sources\modules\imgproc\include" /I"D:\Code\OpenCV\opencv_contrib-4.5.1\modules\intensity_transform\include" /I"D:\Code\OpenCV\opencv-4.5.1\sources\modules\ml\include" /I"D:\Code\OpenCV\opencv_contrib-4.5.1\modules\phase_unwrapping\include" /I"D:\Code\OpenCV\opencv_contrib-4.5.1\modules\plot\include" /I"D:\Code\OpenCV\opencv_contrib-4.5.1\modules\quality\include" /I"D:\Code\OpenCV\opencv_contrib-4.5.1\modules\reg\include" /I"D:\Code\OpenCV\opencv_contrib-4.5.1\modules\surface_matching\include" /I"D:\Code\OpenCV\opencv_contrib-4.5.1\modules\cudafilters\include" /I"D:\Code\OpenCV\opencv_contrib-4.5.1\modules\cudaimgproc\include" /I"D:\Code\OpenCV\opencv_contrib-4.5.1\modules\cudawarping\include" /I"D:\Code\OpenCV\opencv-4.5.1\sources\modules\dnn\include" /I"D:\Code\OpenCV\opencv_contrib-4.5.1\modules\dnn_superres\include" /I"D:\Code\OpenCV\opencv-4.5.1\sources\modules\features2d\include" /I"D:\Code\OpenCV\opencv_contrib-4.5.1\modules\fuzzy\include" /I"D:\Code\OpenCV\opencv_contrib-4.5.1\modules\hfs\include" /I"D:\Code\OpenCV\opencv_contrib-4.5.1\modules\img_hash\include" /I"D:\Code\OpenCV\opencv-4.5.1\sources\modules\imgcodecs\include" /I"D:\Code\OpenCV\opencv_contrib-4.5.1\modules\line_descriptor\include" /I"D:\Code\OpenCV\opencv-4.5.1\sources\modules\photo\include" /I"D:\Code\OpenCV\opencv_contrib-4.5.1\modules\saliency\include" /I"D:\Code\OpenCV\opencv_contrib-4.5.1\modules\text\include" /I"D:\Code\OpenCV\opencv-4.5.1\sources\modules\videoio\include" /I"D:\Code\OpenCV\opencv_contrib-4.5.1\modules\xphoto\include" /I"D:\Code\OpenCV\opencv-4.5.1\sources\modules\calib3d\include" /I"D:\Code\OpenCV\opencv_contrib-4.5.1\modules\cudacodec\include" /I"D:\Code\OpenCV\opencv_contrib-4.5.1\modules\cudafeatures2d\include" /I"D:\Code\OpenCV\opencv_contrib-4.5.1\modules\cudastereo\include" /I"D:\Code\OpenCV\opencv_contrib-4.5.1\modules\datasets\include" /I"D:\Code\OpenCV\opencv-4.5.1\sources\modules\highgui\include" /I"D:\Code\OpenCV\opencv_contrib-4.5.1\modules\mcc\include" /I"D:\Code\OpenCV\opencv-4.5.1\sources\modules\objdetect\include" /I"D:\Code\OpenCV\opencv_contrib-4.5.1\modules\rapid\include" /I"D:\Code\OpenCV\opencv_contrib-4.5.1\modules\rgbd\include" /I"D:\Code\OpenCV\opencv_contrib-4.5.1\modules\shape\include" /I"D:\Code\OpenCV\opencv_contrib-4.5.1\modules\structured_light\include" /I"D:\Code\OpenCV\opencv-4.5.1\sources\modules\ts\include" /I"D:\Code\OpenCV\opencv-4.5.1\sources\modules\video\include" /I"D:\Code\OpenCV\opencv_contrib-4.5.1\modules\xfeatures2d\include" /I"D:\Code\OpenCV\opencv_contrib-4.5.1\modules\ximgproc\include" /I"D:\Code\OpenCV\opencv_contrib-4.5.1\modules\xobjdetect\include" /I"D:\Code\OpenCV\opencv_contrib-4.5.1\modules\aruco\include" /I"D:\Code\OpenCV\opencv_contrib-4.5.1\modules\bgsegm\include" /I"D:\Code\OpenCV\opencv_contrib-4.5.1\modules\bioinspired\include" /I"D:\Code\OpenCV\opencv_contrib-4.5.1\modules\ccalib\include" /I"D:\Code\OpenCV\opencv_contrib-4.5.1\modules\cudabgsegm\include" /I"D:\Code\OpenCV\opencv_contrib-4.5.1\modules\cudalegacy\include" /I"D:\Code\OpenCV\opencv_contrib-4.5.1\modules\cudaobjdetect\include" /I"D:\Code\OpenCV\opencv_contrib-4.5.1\modules\dnn_objdetect\include" /I"D:\Code\OpenCV\opencv_contrib-4.5.1\modules\dpm\include" /I"D:\Code\OpenCV\opencv_contrib-4.5.1\modules\face\include" /I"D:\Code\OpenCV\opencv-4.5.1\sources\modules\gapi\include" /I"D:\Code\OpenCV\opencv_contrib-4.5.1\modules\optflow\include" /I"D:\Code\OpenCV\opencv-4.5.1\sources\modules\stitching\include" /I"D:\Code\OpenCV\opencv_contrib-4.5.1\modules\tracking\include" /I"D:\Code\OpenCV\opencv_contrib-4.5.1\modules\cudaoptflow\include" /I"D:\Code\OpenCV\opencv_contrib-4.5.1\modules\stereo\include" /I"D:\Code\OpenCV\opencv_contrib-4.5.1\modules\superres\include" /I"D:\Code\OpenCV\opencv_contrib-4.5.1\modules\videostab\include" /I"D:\mingw64\x86_64-w64-mingw32\include" /I"C:\Program Files\NVIDIA GPU Computing Toolkit\CUDA\v10.2\include" /W1 /WX- /diagnostics:column /Ox /Ob2 /D WIN32 /D _WINDOWS /D NDEBUG /D TRACK_OPTFLOW=1 /D USE_CMAKE_LIBS /D _CRT_RAND_S /D NOMINMAX /D _USE_MATH_DEFINES /D CUDNN /D OPENCV /D _CRT_SECURE_NO_WARNINGS /D GPU /D "CMAKE_INTDIR=\"Release\"" /D _MBCS /Gm- /EHsc /MD /GS /fp:fast /Zc:wchar_t /Zc:forScope /Zc:inline /GR /openmp /Fo"uselib_track.dir\Release\\" /Fd"uselib_track.dir\Release\vc142.pdb" /Gd /TP /wd4013 /wd4018 /wd4028 /wd4047 /wd4068 /wd4090 /wd4101 /wd4113 /wd4133 /wd4190 /wd4244 /wd4267 /wd4305 /wd4477 /wd4996 /wd4819 /errorReport:prompt D:\Code\darknet\src\yolo_console_dll.cpp
  yolo_console_dll.cpp
C:\Program Files (x86)\Microsoft Visual Studio\2019\Community\VC\Tools\MSVC\14.28.29333\include\vcruntime.h(61,26): warning C4083: 应输入“)”；找到标识符“_VCRUNTIME_DISABLED_WARNINGS”
C:\Program Files (x86)\Microsoft Visual Studio\2019\Community\VC\Tools\MSVC\14.28.29333\include\vcruntime.h(111,1): warning C4005: “_CRT_STRINGIZE”: 宏重定义
D:\mingw64\x86_64-w64-mingw32\include\_mingw.h(286): message : 参见“_CRT_STRINGIZE”的前一个定义
C:\Program Files (x86)\Microsoft Visual Studio\2019\Community\VC\Tools\MSVC\14.28.29333\include\vcruntime.h(114,1): warning C4005: “_CRT_WIDE”: 宏重定义
D:\mingw64\x86_64-w64-mingw32\include\_mingw.h(291): message : 参见“_CRT_WIDE”的前一个定义
C:\Program Files (x86)\Microsoft Visual Studio\2019\Community\VC\Tools\MSVC\14.28.29333\include\vcruntime.h(155,1): warning C4005: “__CRTDECL”: 宏重定义
D:\mingw64\x86_64-w64-mingw32\include\_mingw.h(398): message : 参见“__CRTDECL”的前一个定义
C:\Program Files (x86)\Microsoft Visual Studio\2019\Community\VC\Tools\MSVC\14.28.29333\include\vcruntime.h(306,1): warning C4005: “_CRT_DEPRECATE_TEXT”: 宏重定义
D:\mingw64\x86_64-w64-mingw32\include\_mingw.h(349): message : 参见“_CRT_DEPRECATE_TEXT”的前一个定义
C:\Program Files (x86)\Microsoft Visual Studio\2019\Community\VC\Tools\MSVC\14.28.29333\include\vcruntime.h(344,51): error C2065: “uintptr_t”: 未声明的标识符
C:\Program Files (x86)\Microsoft Visual Studio\2019\Community\VC\Tools\MSVC\14.28.29333\include\vcruntime.h(344,61): error C2146: 语法错误: 缺少“)”(在标识符“_StackCookie”的前面)
C:\Program Files (x86)\Microsoft Visual Studio\2019\Community\VC\Tools\MSVC\14.28.29333\include\vcruntime.h(345,67): error C2065: “uintptr_t”: 未声明的标识符
C:\Program Files (x86)\Microsoft Visual Studio\2019\Community\VC\Tools\MSVC\14.28.29333\include\vcruntime.h(345,77): error C2146: 语法错误: 缺少“)”(在标识符“_StackCookie”的前面)
C:\Program Files (x86)\Microsoft Visual Studio\2019\Community\VC\Tools\MSVC\14.28.29333\include\vcruntime.h(349,35): error C4430: 缺少类型说明符 - 假定为 int。注意: C++ 不支持默认 int
C:\Program Files (x86)\Microsoft Visual Studio\2019\Community\VC\Tools\MSVC\14.28.29333\include\vcruntime.h(349,18): error C2146: 语法错误: 缺少“;”(在标识符“__security_cookie”的前面)
D:\mingw64\x86_64-w64-mingw32\include\crtdefs.h(75,53): error C2378: “uintptr_t”: 重定义；符号不能由 typedef 重载
C:\Program Files (x86)\Microsoft Visual Studio\2019\Community\VC\Tools\MSVC\14.28.29333\include\vcruntime.h(349): message : 参见“uintptr_t”的声明
D:\mingw64\x86_64-w64-mingw32\include\yvals.h(13,1): warning C4005: “_CPPLIB_VER”: 宏重定义
C:\Program Files (x86)\Microsoft Visual Studio\2019\Community\VC\Tools\MSVC\14.28.29333\include\yvals_core.h(496): message : 参见“_CPPLIB_VER”的前一个定义
D:\mingw64\x86_64-w64-mingw32\include\math.h(214,5): error C2065: “__asm__”: 未声明的标识符
D:\mingw64\x86_64-w64-mingw32\include\math.h(214,13): error C2146: 语法错误: 缺少“;”(在标识符“__volatile__”的前面)
D:\mingw64\x86_64-w64-mingw32\include\math.h(214,35): error C2143: 语法错误: 缺少“)”(在“:”的前面)
D:\mingw64\x86_64-w64-mingw32\include\math.h(214,13): error C3861: “__volatile__”: 找不到标识符
D:\mingw64\x86_64-w64-mingw32\include\math.h(214,35): error C2143: 语法错误: 缺少“;”(在“:”的前面)
D:\mingw64\x86_64-w64-mingw32\include\math.h(214,35): error C2059: 语法错误:“:”
D:\mingw64\x86_64-w64-mingw32\include\math.h(214,57): error C2059: 语法错误:“)”
D:\mingw64\x86_64-w64-mingw32\include\math.h(225,5): error C2065: “__asm__”: 未声明的标识符
D:\mingw64\x86_64-w64-mingw32\include\math.h(225,13): error C2146: 语法错误: 缺少“;”(在标识符“__volatile__”的前面)
D:\mingw64\x86_64-w64-mingw32\include\math.h(225,35): error C2143: 语法错误: 缺少“)”(在“:”的前面)
D:\mingw64\x86_64-w64-mingw32\include\math.h(225,13): error C3861: “__volatile__”: 找不到标识符
D:\mingw64\x86_64-w64-mingw32\include\math.h(225,35): error C2143: 语法错误: 缺少“;”(在“:”的前面)
D:\mingw64\x86_64-w64-mingw32\include\math.h(225,35): error C2059: 语法错误:“:”
D:\mingw64\x86_64-w64-mingw32\include\math.h(225,57): error C2059: 语法错误:“)”
D:\mingw64\x86_64-w64-mingw32\include\math.h(231,3): error C2169: “fabs”: 内部函数，不能定义
D:\mingw64\x86_64-w64-mingw32\include\math.h(687,38): error C2169: “sinhf”: 内部函数，不能定义
D:\mingw64\x86_64-w64-mingw32\include\math.h(693,38): error C2169: “coshf”: 内部函数，不能定义
D:\mingw64\x86_64-w64-mingw32\include\math.h(699,38): error C2169: “tanhf”: 内部函数，不能定义
D:\mingw64\x86_64-w64-mingw32\include\math.h(723,37): error C2169: “expf”: 内部函数，不能定义
D:\mingw64\x86_64-w64-mingw32\include\math.h(892,46): error C2169: “powf”: 内部函数，不能定义
D:\mingw64\x86_64-w64-mingw32\include\math.h(1158,7): error C2065: “__asm__”: 未声明的标识符
D:\mingw64\x86_64-w64-mingw32\include\math.h(1158,15): error C2146: 语法错误: 缺少“;”(在标识符“__volatile__”的前面)
D:\mingw64\x86_64-w64-mingw32\include\math.h(1159,11): error C2143: 语法错误: 缺少“)”(在“:”的前面)
D:\mingw64\x86_64-w64-mingw32\include\math.h(1158,15): error C3861: “__volatile__”: 找不到标识符
D:\mingw64\x86_64-w64-mingw32\include\math.h(1159,11): error C2143: 语法错误: 缺少“;”(在“:”的前面)
D:\mingw64\x86_64-w64-mingw32\include\math.h(1159,11): error C2059: 语法错误:“:”
D:\mingw64\x86_64-w64-mingw32\include\math.h(1159,45): error C2059: 语法错误:“)”
D:\mingw64\x86_64-w64-mingw32\include\stdlib.h(147,124): error C2061: 语法错误: 标识符“uintptr_t”
D:\mingw64\x86_64-w64-mingw32\include\stdlib.h(360,36): error C2059: 语法错误:“__declspec(nothrow)”
D:\mingw64\x86_64-w64-mingw32\include\stdlib.h(361,37): error C2059: 语法错误:“__declspec(nothrow)”
D:\mingw64\x86_64-w64-mingw32\include\stdlib.h(365,27): error C2144: 语法错误:“int”的前面应有“;”
D:\mingw64\x86_64-w64-mingw32\include\stdlib.h(367,54): error C2381: “_Exit”: 重定义；"noreturn" 不同
D:\mingw64\x86_64-w64-mingw32\include\stdlib.h(365): message : 参见“_Exit”的声明
D:\mingw64\x86_64-w64-mingw32\include\stdlib.h(368,6): error C3861: “_exit”: 找不到标识符
D:\mingw64\x86_64-w64-mingw32\include\stdlib.h(374,45): error C2059: 语法错误:“__declspec(noreturn)”
D:\mingw64\x86_64-w64-mingw32\include\stdlib.h(465,40): error C2059: 语法错误:“__declspec(nothrow)”
D:\mingw64\x86_64-w64-mingw32\include\stdlib.h(466,39): error C2059: 语法错误:“__declspec(nothrow)”
D:\mingw64\x86_64-w64-mingw32\include\stdlib.h(468,46): error C2059: 语法错误:“__declspec(nothrow)”
D:\mingw64\x86_64-w64-mingw32\include\stdlib.h(472,12): error C2059: 语法错误:“__declspec(nothrow)”
D:\mingw64\x86_64-w64-mingw32\include\stdlib.h(656,70): error C2144: 语法错误:“int”的前面应有“;”
D:\mingw64\x86_64-w64-mingw32\include\stdlib.h(658,49): error C2144: 语法错误:“int”的前面应有“;”
D:\mingw64\x86_64-w64-mingw32\include\stdlib.h(659,56): error C2144: 语法错误:“int”的前面应有“;”
D:\mingw64\x86_64-w64-mingw32\include\stdlib.h(705,72): error C2169: “llabs”: 内部函数，不能定义
D:\mingw64\x86_64-w64-mingw32\include\malloc.h(147,28): error C2065: “_ALLOCA_S_MARKER_SIZE”: 未声明的标识符
D:\mingw64\x86_64-w64-mingw32\include\malloc.h(166,34): error C2065: “_ALLOCA_S_MARKER_SIZE”: 未声明的标识符
C:\Program Files (x86)\Microsoft Visual Studio\2019\Community\VC\Tools\MSVC\14.28.29333\include\cstdlib(24,18): error C2065: “fabs”: 未声明的标识符
C:\Program Files (x86)\Microsoft Visual Studio\2019\Community\VC\Tools\MSVC\14.28.29333\include\cstdlib(39,13): error C2039: "abort": 不是 "`global namespace'" 的成员
C:\Program Files (x86)\Microsoft Visual Studio\2019\Community\VC\Tools\MSVC\14.28.29333\include\cstdlib(39,1): error C2873: “abort”: 符号不能用在 using 声明中
C:\Program Files (x86)\Microsoft Visual Studio\2019\Community\VC\Tools\MSVC\14.28.29333\include\cstdlib(48,13): error C2039: "exit": 不是 "`global namespace'" 的成员
C:\Program Files (x86)\Microsoft Visual Studio\2019\Community\VC\Tools\MSVC\14.28.29333\include\cstdlib(48,1): error C2873: “exit”: 符号不能用在 using 声明中
C:\Program Files (x86)\Microsoft Visual Studio\2019\Community\VC\Tools\MSVC\14.28.29333\include\cstdlib(60,13): error C2039: "__strtod": 不是 "`global namespace'" 的成员
C:\Program Files (x86)\Microsoft Visual Studio\2019\Community\VC\Tools\MSVC\14.28.29333\include\cstdlib(60,1): error C2873: “__strtod”: 符号不能用在 using 声明中
C:\Program Files (x86)\Microsoft Visual Studio\2019\Community\VC\Tools\MSVC\14.28.29333\include\cstdlib(76,13): error C2039: "strtof": 不是 "`global namespace'" 的成员
C:\Program Files (x86)\Microsoft Visual Studio\2019\Community\VC\Tools\MSVC\14.28.29333\include\cstdlib(76,1): error C2873: “strtof”: 符号不能用在 using 声明中
C:\Program Files (x86)\Microsoft Visual Studio\2019\Community\VC\Tools\MSVC\14.28.29333\include\cstdlib(77,13): error C2039: "strtold": 不是 "`global namespace'" 的成员
C:\Program Files (x86)\Microsoft Visual Studio\2019\Community\VC\Tools\MSVC\14.28.29333\include\cstdlib(77,1): error C2873: “strtold”: 符号不能用在 using 声明中
C:\Program Files (x86)\Microsoft Visual Studio\2019\Community\VC\Tools\MSVC\14.28.29333\include\cstdlib(82,13): error C2039: "at_quick_exit": 不是 "`global namespace'" 的成员
C:\Program Files (x86)\Microsoft Visual Studio\2019\Community\VC\Tools\MSVC\14.28.29333\include\cstdlib(82,1): error C2873: “at_quick_exit”: 符号不能用在 using 声明中
C:\Program Files (x86)\Microsoft Visual Studio\2019\Community\VC\Tools\MSVC\14.28.29333\include\cstdlib(83,13): error C2039: "quick_exit": 不是 "`global namespace'" 的成员
C:\Program Files (x86)\Microsoft Visual Studio\2019\Community\VC\Tools\MSVC\14.28.29333\include\cstdlib(83,1): error C2873: “quick_exit”: 符号不能用在 using 声明中
C:\Program Files (x86)\Microsoft Visual Studio\2019\Community\VC\Tools\MSVC\14.28.29333\include\cmath(71,18): error C2065: “coshf”: 未声明的标识符
C:\Program Files (x86)\Microsoft Visual Studio\2019\Community\VC\Tools\MSVC\14.28.29333\include\cmath(83,18): error C2065: “expf”: 未声明的标识符
C:\Program Files (x86)\Microsoft Visual Studio\2019\Community\VC\Tools\MSVC\14.28.29333\include\cmath(195,18): error C2065: “powf”: 未声明的标识符
C:\Program Files (x86)\Microsoft Visual Studio\2019\Community\VC\Tools\MSVC\14.28.29333\include\cmath(227,18): error C2065: “sinhf”: 未声明的标识符
C:\Program Files (x86)\Microsoft Visual Studio\2019\Community\VC\Tools\MSVC\14.28.29333\include\cmath(239,18): error C2065: “tanhf”: 未声明的标识符
C:\Program Files (x86)\Microsoft Visual Studio\2019\Community\VC\Tools\MSVC\14.28.29333\include\cmath(838,13): error C2039: "fpclassify": 不是 "`global namespace'" 的成员
C:\Program Files (x86)\Microsoft Visual Studio\2019\Community\VC\Tools\MSVC\14.28.29333\include\cmath(838,1): error C2873: “fpclassify”: 符号不能用在 using 声明中
C:\Program Files (x86)\Microsoft Visual Studio\2019\Community\VC\Tools\MSVC\14.28.29333\include\cmath(839,13): error C2039: "signbit": 不是 "`global namespace'" 的成员
C:\Program Files (x86)\Microsoft Visual Studio\2019\Community\VC\Tools\MSVC\14.28.29333\include\cmath(839,1): error C2873: “signbit”: 符号不能用在 using 声明中
C:\Program Files (x86)\Microsoft Visual Studio\2019\Community\VC\Tools\MSVC\14.28.29333\include\cmath(840,13): error C2039: "isfinite": 不是 "`global namespace'" 的成员
C:\Program Files (x86)\Microsoft Visual Studio\2019\Community\VC\Tools\MSVC\14.28.29333\include\cmath(840,1): error C2873: “isfinite”: 符号不能用在 using 声明中
C:\Program Files (x86)\Microsoft Visual Studio\2019\Community\VC\Tools\MSVC\14.28.29333\include\cmath(841,13): error C2039: "isinf": 不是 "`global namespace'" 的成员
C:\Program Files (x86)\Microsoft Visual Studio\2019\Community\VC\Tools\MSVC\14.28.29333\include\cmath(841,1): error C2873: “isinf”: 符号不能用在 using 声明中
C:\Program Files (x86)\Microsoft Visual Studio\2019\Community\VC\Tools\MSVC\14.28.29333\include\cmath(842,13): error C2039: "isnan": 不是 "`global namespace'" 的成员
C:\Program Files (x86)\Microsoft Visual Studio\2019\Community\VC\Tools\MSVC\14.28.29333\include\cmath(842,1): error C2873: “isnan”: 符号不能用在 using 声明中
C:\Program Files (x86)\Microsoft Visual Studio\2019\Community\VC\Tools\MSVC\14.28.29333\include\cmath(843,13): error C2039: "isnormal": 不是 "`global namespace'" 的成员
C:\Program Files (x86)\Microsoft Visual Studio\2019\Community\VC\Tools\MSVC\14.28.29333\include\cmath(843,1): error C2873: “isnormal”: 符号不能用在 using 声明中
C:\Program Files (x86)\Microsoft Visual Studio\2019\Community\VC\Tools\MSVC\14.28.29333\include\cmath(844,13): error C2039: "isgreater": 不是 "`global namespace'" 的成员
C:\Program Files (x86)\Microsoft Visual Studio\2019\Community\VC\Tools\MSVC\14.28.29333\include\cmath(844,1): error C2873: “isgreater”: 符号不能用在 using 声明中
C:\Program Files (x86)\Microsoft Visual Studio\2019\Community\VC\Tools\MSVC\14.28.29333\include\cmath(845,13): error C2039: "isgreaterequal": 不是 "`global namespace'" 的成员
C:\Program Files (x86)\Microsoft Visual Studio\2019\Community\VC\Tools\MSVC\14.28.29333\include\cmath(845,1): error C2873: “isgreaterequal”: 符号不能用在 using 声明中
C:\Program Files (x86)\Microsoft Visual Studio\2019\Community\VC\Tools\MSVC\14.28.29333\include\cmath(846,13): error C2039: "isless": 不是 "`global namespace'" 的成员
C:\Program Files (x86)\Microsoft Visual Studio\2019\Community\VC\Tools\MSVC\14.28.29333\include\cmath(846,1): error C2873: “isless”: 符号不能用在 using 声明中
C:\Program Files (x86)\Microsoft Visual Studio\2019\Community\VC\Tools\MSVC\14.28.29333\include\cmath(847,13): error C2039: "islessequal": 不是 "`global namespace'" 的成员
C:\Program Files (x86)\Microsoft Visual Studio\2019\Community\VC\Tools\MSVC\14.28.29333\include\cmath(847,1): error C2873: “islessequal”: 符号不能用在 using 声明中
C:\Program Files (x86)\Microsoft Visual Studio\2019\Community\VC\Tools\MSVC\14.28.29333\include\cmath(848,13): error C2039: "islessgreater": 不是 "`global namespace'" 的成员
C:\Program Files (x86)\Microsoft Visual Studio\2019\Community\VC\Tools\MSVC\14.28.29333\include\cmath(848,1): error C2873: “islessgreater”: 符号不能用在 using 声明中
C:\Program Files (x86)\Microsoft Visual Studio\2019\Community\VC\Tools\MSVC\14.28.29333\include\cmath(849,13): error C2039: "isunordered": 不是 "`global namespace'" 的成员
C:\Program Files (x86)\Microsoft Visual Studio\2019\Community\VC\Tools\MSVC\14.28.29333\include\cmath(849,1): error C2873: “isunordered”: 符号不能用在 using 声明中
D:\mingw64\x86_64-w64-mingw32\include\stdio.h(190,64): error C2144: 语法错误:“int”的前面应有“;”
D:\mingw64\x86_64-w64-mingw32\include\stdio.h(193,69): error C2144: 语法错误:“int”的前面应有“;”
D:\mingw64\x86_64-w64-mingw32\include\stdio.h(196,87): error C2144: 语法错误:“int”的前面应有“;”
D:\mingw64\x86_64-w64-mingw32\include\stdio.h(199,92): error C2144: 语法错误:“int”的前面应有“;”
D:\mingw64\x86_64-w64-mingw32\include\stdio.h(202,87): error C2144: 语法错误:“int”的前面应有“;”
D:\mingw64\x86_64-w64-mingw32\include\stdio.h(205,92): error C2144: 语法错误:“int”的前面应有“;”
D:\mingw64\x86_64-w64-mingw32\include\stdio.h(208,88): error C2144: 语法错误:“int”的前面应有“;”
D:\mingw64\x86_64-w64-mingw32\include\stdio.h(208,103): fatal error C1003: 错误计数超过 100；正在停止编译
